<?xml version="1.0" encoding="UTF-8"?>
<!-- Generated by org.testng.reporters.JUnitReportReporter -->
<testsuite hostname="DELL" name="_Jan.simply.JavaFile1" tests="3" failures="0" timestamp="28 Feb 2016 10:57:08 GMT" time="0.018" errors="0">
  <testcase name="multiplication" time="0.002" classname="_Jan.simply.JavaFile1"/>
  <testcase name="subtraction" time="0.001" classname="_Jan.simply.JavaFile1"/>
  <testcase name="addition" time="0.015" classname="_Jan.simply.JavaFile1"/>
</testsuite> <!-- _Jan.simply.JavaFile1 -->
